<?xml version="1.0" encoding="UTF-8" ?>
<testsuite tests="7" failures="0" name="com.danielqueiroz.runners.RunnerTest" time="0.697" errors="0" skipped="0">
  <properties>
[...]
</properties>
  <testcase classname="Alugar filmes" name="Deve alugar um filme com sucesso" time="0.348"/>
  <testcase classname="Alugar filmes" name="Não deve alugar filme sem estoque" time="0.047"/>
  <testcase classname="Alugar filmes" name="Deve dar condições conforme tipo de aluguel #1" time="0.083"/>
  <testcase classname="Alugar filmes" name="Deve dar condições conforme tipo de aluguel #2" time="0.061"/>
  <testcase classname="Alugar filmes" name="Deve dar condições conforme tipo de aluguel #3" time="0.074"/>
  <testcase classname="Alugar filmes" name="Deve dar condições conforme tipo de aluguel #4" time="0.048"/>
  <testcase classname="Alugar filmes" name="Deve dar condições conforme tipo de aluguel #5" time="0.036"/>
</testsuite>